<?xml version="1.0" encoding="UTF-8"?>
<!-- Generated by org.testng.reporters.JUnitReportReporter -->
<testsuite hostname="Alexanders-MacBook-Pro.local" name="pacecalc.pacecalc.PaceCalcTest" tests="5" failures="0" timestamp="8 Nov 2017 21:38:04 GMT" time="0.015" errors="0">
  <testcase name="testCalcDistance" time="0.011" classname="pacecalc.pacecalc.PaceCalcTest"/>
  <testcase name="testSetGet" time="0.001" classname="pacecalc.pacecalc.PaceCalcTest"/>
  <testcase name="testCalcSpeed" time="0.001" classname="pacecalc.pacecalc.PaceCalcTest"/>
  <testcase name="testCalcTime" time="0.001" classname="pacecalc.pacecalc.PaceCalcTest"/>
  <testcase name="testCalcPace" time="0.001" classname="pacecalc.pacecalc.PaceCalcTest"/>
</testsuite> <!-- pacecalc.pacecalc.PaceCalcTest -->
