<?xml version="1.0" encoding="UTF-8"?>
<!-- Generated by org.testng.reporters.JUnitReportReporter -->
<testsuite hostname="Alexanders-MacBook-Pro.local" name="pacecalc.pacecalc.EventsTest" tests="1" failures="0" timestamp="4 Nov 2017 16:50:04 GMT" time="0.010" errors="0">
  <testcase name="returnDistanceTest" time="0.010" classname="pacecalc.pacecalc.EventsTest"/>
</testsuite> <!-- pacecalc.pacecalc.EventsTest -->
