<?xml version="1.0" encoding="UTF-8"?>
<!-- Generated by org.testng.reporters.JUnitReportReporter -->
<testsuite hostname="Alexanders-MacBook-Pro.local" name="pacecalc.pacecalc.ParserTest" tests="4" failures="0" timestamp="8 Nov 2017 21:52:09 GMT" time="0.004" errors="0">
  <testcase name="testDistanceParsingStrins" time="0.002" classname="pacecalc.pacecalc.ParserTest"/>
  <testcase name="testPaceParsingStrins" time="0.001" classname="pacecalc.pacecalc.ParserTest"/>
  <testcase name="testParseFunctions" time="0.000" classname="pacecalc.pacecalc.ParserTest"/>
  <testcase name="testTimeParsingStrins" time="0.001" classname="pacecalc.pacecalc.ParserTest"/>
</testsuite> <!-- pacecalc.pacecalc.ParserTest -->
