<?xml version="1.0" encoding="UTF-8"?>
<!-- Generated by org.testng.reporters.JUnitReportReporter -->
<testsuite hostname="Alexanders-MacBook-Pro.local" name="pacecalc.pacecalc.KmToMileConvertorTest" tests="4" failures="0" timestamp="8 Nov 2017 21:36:47 GMT" time="0.004" errors="0">
  <testcase name="convertKMtoMileTest" time="0.001" classname="pacecalc.pacecalc.KmToMileConvertorTest"/>
  <testcase name="convertSpeedKmToMileTest" time="0.001" classname="pacecalc.pacecalc.KmToMileConvertorTest"/>
  <testcase name="convertMileToKmTest" time="0.001" classname="pacecalc.pacecalc.KmToMileConvertorTest"/>
  <testcase name="convertSpeedMphToKmH" time="0.001" classname="pacecalc.pacecalc.KmToMileConvertorTest"/>
</testsuite> <!-- pacecalc.pacecalc.KmToMileConvertorTest -->
