<?xml version="1.0" encoding="UTF-8"?>
<!-- Generated by org.testng.reporters.JUnitReportReporter -->
<testsuite hostname="Alexanders-MacBook-Pro.local" name="pacecalc.pacecalc.PaceCalcTest" tests="5" failures="0" timestamp="5 Nov 2017 19:59:02 GMT" time="0.026" errors="0">
  <testcase name="testCalcTime" time="0.002" classname="pacecalc.pacecalc.PaceCalcTest"/>
  <testcase name="testCalcDistance" time="0.017" classname="pacecalc.pacecalc.PaceCalcTest"/>
  <testcase name="testCalcPace" time="0.002" classname="pacecalc.pacecalc.PaceCalcTest"/>
  <testcase name="testCalcSpeed" time="0.002" classname="pacecalc.pacecalc.PaceCalcTest"/>
  <testcase name="testSetGet" time="0.003" classname="pacecalc.pacecalc.PaceCalcTest"/>
</testsuite> <!-- pacecalc.pacecalc.PaceCalcTest -->
