<?xml version="1.0" encoding="UTF-8"?>
<!-- Generated by org.testng.reporters.JUnitReportReporter -->
<testsuite hostname="Alexanders-MacBook-Pro.local" name="pacecalc.pacecalc.ParserTest" tests="4" failures="0" timestamp="5 Nov 2017 20:37:13 GMT" time="0.015" errors="0">
  <testcase name="testDistanceParsingStrins" time="0.009" classname="pacecalc.pacecalc.ParserTest"/>
  <testcase name="testParseFunctions" time="0.002" classname="pacecalc.pacecalc.ParserTest"/>
  <testcase name="testTimeParsingStrins" time="0.002" classname="pacecalc.pacecalc.ParserTest"/>
  <testcase name="testPaceParsingStrins" time="0.002" classname="pacecalc.pacecalc.ParserTest"/>
</testsuite> <!-- pacecalc.pacecalc.ParserTest -->
