<?xml version="1.0" encoding="UTF-8"?>
<!-- Generated by org.testng.reporters.JUnitReportReporter -->
<testsuite hostname="Alexanders-MacBook-Pro.local" name="pacecalc.pacecalc.ParserTest" tests="1" failures="0" timestamp="4 Nov 2017 15:43:43 GMT" time="0.002" errors="0">
  <testcase name="testParseFunctions" time="0.002" classname="pacecalc.pacecalc.ParserTest"/>
</testsuite> <!-- pacecalc.pacecalc.ParserTest -->
