<?xml version="1.0" encoding="UTF-8"?>
<!-- Generated by org.testng.reporters.JUnitReportReporter -->
<testsuite hostname="Alexanders-MacBook-Pro.local" name="pacecalc.pacecalc.EventsTest" tests="1" failures="0" timestamp="8 Nov 2017 21:52:09 GMT" time="0.001" errors="0">
  <testcase name="returnDistanceTest" time="0.001" classname="pacecalc.pacecalc.EventsTest"/>
</testsuite> <!-- pacecalc.pacecalc.EventsTest -->
