<?xml version="1.0" encoding="UTF-8"?>
<!-- Generated by org.testng.reporters.JUnitReportReporter -->
<testsuite hostname="Alexanders-MacBook-Pro.local" name="pacecalc.pacecalc.PaceCalcTest" tests="5" failures="0" timestamp="4 Nov 2017 15:43:43 GMT" time="0.016" errors="0">
  <testcase name="testCalcSpeed" time="0.001" classname="pacecalc.pacecalc.PaceCalcTest"/>
  <testcase name="testCalcTime" time="0.002" classname="pacecalc.pacecalc.PaceCalcTest"/>
  <testcase name="testSetGet" time="0.002" classname="pacecalc.pacecalc.PaceCalcTest"/>
  <testcase name="testCalcDistance" time="0.010" classname="pacecalc.pacecalc.PaceCalcTest"/>
  <testcase name="testCalcPace" time="0.001" classname="pacecalc.pacecalc.PaceCalcTest"/>
</testsuite> <!-- pacecalc.pacecalc.PaceCalcTest -->
